#
# A fatal error has been detected by the Java Runtime Environment:
#
#  EXCEPTION_ACCESS_VIOLATION (0xc0000005) at pc=0x00007ffc7efef4f3, pid=8668, tid=272
#
# JRE version: OpenJDK Runtime Environment (11.0.4+10) (build 11.0.4+10-b520.11)
# Java VM: OpenJDK 64-Bit Server VM (11.0.4+10-b520.11, mixed mode, sharing, tiered, compressed oops, g1 gc, windows-amd64)
# Problematic frame:
# V  [jvm.dll+0x36f4f3]
#
# No core dump will be written. Minidumps are not enabled by default on client versions of Windows
#
# If you would like to submit a bug report, please visit:
#   http://bugreport.java.com/bugreport/crash.jsp
#

---------------  S U M M A R Y ------------

Command Line: -XX:TieredStopAtLevel=1 -Xverify:none -Dspring.output.ansi.enabled=always -Dcom.sun.management.jmxremote -Dspring.jmx.enabled=true -Dspring.liveBeansView.mbeanDomain -Dspring.application.admin.enabled=true -javaagent:C:\Program Files\JetBrains\IntelliJ IDEA 2019.3\lib\idea_rt.jar=51056:C:\Program Files\JetBrains\IntelliJ IDEA 2019.3\bin -Dfile.encoding=UTF-8 com.app.LbZuulEurekaClientProducerApplication

Host: Intel(R) Core(TM) i3-4005U CPU @ 1.70GHz, 4 cores, 7G,  Windows 10 , 64 bit Build 10586 (10.0.10586.0)
Time: Thu Dec 19 16:45:59 2019 India Standard Time elapsed time: 18507 seconds (0d 5h 8m 27s)

---------------  T H R E A D  ---------------

Current thread (0x000001c2ae77d800):  JavaThread "Thread-1" [_thread_in_vm, id=272, stack(0x0000003b41e00000,0x0000003b41f00000)]

Stack: [0x0000003b41e00000,0x0000003b41f00000],  sp=0x0000003b41eff640,  free space=1021k
Native frames: (J=compiled Java code, j=interpreted, Vv=VM code, C=native code)
V  [jvm.dll+0x36f4f3]
V  [jvm.dll+0x5db142]
V  [jvm.dll+0x36feaa]
V  [jvm.dll+0x370137]
V  [jvm.dll+0x3df6fd]
V  [jvm.dll+0x6d955f]
V  [jvm.dll+0x6d235d]
V  [jvm.dll+0x5da4f6]
C  [ucrtbase.dll+0x6be1d]
C  [KERNEL32.DLL+0x18102]
C  [ntdll.dll+0x5c264]


siginfo: EXCEPTION_ACCESS_VIOLATION (0xc0000005), writing address 0x0000003b41ef8640


Register to memory mapping:

RIP=0x00007ffc7efef4f3 jvm.dll
RAX=0x0000000000000001 is an unknown value
RBX=0x0000003b41ef8640 is pointing into the stack for thread: 0x000001c2ae77d800
RCX=0x0000000000001000 is an unknown value
RDX=0x0 is NULL
RSP=0x0000003b41eff640 is pointing into the stack for thread: 0x000001c2ae77d800
RBP=0x000001c2ae77d800 is a thread
RSI=0x0 is NULL
RDI=0x0000003b41eff7b0 is pointing into the stack for thread: 0x000001c2ae77d800
R8 =0x0000003b41eff640 is pointing into the stack for thread: 0x000001c2ae77d800
R9 =0x000001c2ae77d800 is a thread
R10=0x0000003b41eff7b0 is pointing into the stack for thread: 0x000001c2ae77d800
R11=0x0000003b41eff960 is pointing into the stack for thread: 0x000001c2ae77d800
R12=0x000001c29459dbc0 is at code_begin+0 in an Interpreter codelet
method entry point (kind = zerolocals)  [0x000001c29459dbc0, 0x000001c29459e0c0]  1280 bytes
R13=0x0000003b41eff890 is pointing into the stack for thread: 0x000001c2ae77d800
R14=0x0000003b41eff960 is pointing into the stack for thread: 0x000001c2ae77d800
R15=0x000001c2aafa2f00 points into unknown readable memory: 00 00 00 00 00 00 00 00


Registers:
RAX=0x0000000000000001, RBX=0x0000003b41ef8640, RCX=0x0000000000001000, RDX=0x0000000000000000
RSP=0x0000003b41eff640, RBP=0x000001c2ae77d800, RSI=0x0000000000000000, RDI=0x0000003b41eff7b0
R8 =0x0000003b41eff640, R9 =0x000001c2ae77d800, R10=0x0000003b41eff7b0, R11=0x0000003b41eff960
R12=0x000001c29459dbc0, R13=0x0000003b41eff890, R14=0x0000003b41eff960, R15=0x000001c2aafa2f00
RIP=0x00007ffc7efef4f3, EFLAGS=0x0000000000010202

Top of Stack: (sp=0x0000003b41eff640)
0x0000003b41eff640:   0000003b41eff640 0000000000000000
0x0000003b41eff650:   00000008400e88f8 0000003b41eff760
0x0000003b41eff660:   0000003b41eff7c0 00007ffc7efb9405
0x0000003b41eff670:   0000000000000000 0000000000000000
0x0000003b41eff680:   000000080011b0d8 000001c2ae77d800
0x0000003b41eff690:   000001c2ae77d800 00007ffc7f16436b
0x0000003b41eff6a0:   0000000000000001 0000000000000001
0x0000003b41eff6b0:   0000000000000000 00007ffcaf9c6a18
0x0000003b41eff6c0:   000001c2aabefb20 000001c2ab34b400
0x0000003b41eff6d0:   000001c2aabefad8 000001c2ae77d800
0x0000003b41eff6e0:   000001c2aabefad8 000001c2ae77d800
0x0000003b41eff6f0:   000001c2aafa2f18 0000003b41eff7c0
0x0000003b41eff700:   000001c2aafa2b40 0000000000000000
0x0000003b41eff710:   000001c2aafa2f18 0000000000000000
0x0000003b41eff720:   000001c2aafa2b40 0000000000000000
0x0000003b41eff730:   0000003b41eff890 0000003b41eff960 

Instructions: (pc=0x00007ffc7efef4f3)
0x00007ffc7efef3f3:   c0 48 48 89 9c 24 10 01 00 00 4c 89 a4 24 d8 00
0x00007ffc7efef403:   00 00 48 89 84 24 80 00 00 00 4c 8b 20 80 3d de
0x00007ffc7efef413:   60 67 00 00 74 10 83 bd 98 04 00 00 00 74 07 48
0x00007ffc7efef423:   8b 07 4c 8b 60 30 49 8b ce 4c 89 bc 24 d0 00 00
0x00007ffc7efef433:   00 e8 c7 14 00 00 41 8b 0e 89 84 24 20 01 00 00
0x00007ffc7efef443:   83 f9 0c 74 0a 83 f9 0d 74 05 45 32 ff eb 03 41
0x00007ffc7efef453:   b7 01 48 8b 07 33 c9 8b 40 20 c1 e8 03 a8 01 75
0x00007ffc7efef463:   19 49 8b 45 58 48 8b 00 48 89 84 24 28 01 00 00
0x00007ffc7efef473:   48 89 84 24 88 00 00 00 eb 10 48 89 8c 24 90 00
0x00007ffc7efef483:   00 00 48 89 8c 24 28 01 00 00 83 bd 00 04 00 00
0x00007ffc7efef493:   03 74 08 48 8b cd e8 f2 91 36 00 e8 2d bb 26 00
0x00007ffc7efef4a3:   4c 8b c0 48 8b d7 48 8b cd 48 8b d8 e8 cc 10 26
0x00007ffc7efef4b3:   00 84 c0 75 1d 4c 8b cf 48 8d 15 7e a3 4a 00 41
0x00007ffc7efef4c3:   b8 a4 01 00 00 48 8b cd e8 f0 ff f4 ff e9 90 01
0x00007ffc7efef4d3:   00 00 48 63 0d ac 59 68 00 33 d2 48 8b 05 f3 2d
0x00007ffc7efef4e3:   6a 00 48 f7 f1 48 83 f8 01 72 0e 66 90 48 2b d9
0x00007ffc7efef4f3:   c6 03 00 48 83 e8 01 75 f4 48 85 f6 74 51 48 8b
0x00007ffc7efef503:   06 48 8b ce ff 90 88 00 00 00 84 c0 0f 84 77 01
0x00007ffc7efef513:   00 00 48 8b 06 48 8b ce ff 90 d8 00 00 00 48 89
0x00007ffc7efef523:   85 f0 03 00 00 48 8b 07 48 8b 48 08 48 3b 0d 5a
0x00007ffc7efef533:   82 66 00 73 12 48 3b 0d 49 82 66 00 72 09 48 8b
0x00007ffc7efef543:   41 18 48 8b 08 eb 04 48 8b 49 18 4c 8b 61 18 4c
0x00007ffc7efef553:   8b 84 24 28 01 00 00 48 8d 4c 24 40 4d 8b ce 48
0x00007ffc7efef563:   89 6c 24 20 48 8b d7 e8 d1 fb ff ff 48 83 7d 08
0x00007ffc7efef573:   00 75 67 48 8b d5 48 8d 8c 24 98 00 00 00 e8 1a
0x00007ffc7efef583:   9f fc ff 41 8b 5d 68 49 8b cd 48 8b 3f 48 8b 35
0x00007ffc7efef593:   29 a4 68 00 e8 34 12 00 00 44 8b 84 24 20 01 00
0x00007ffc7efef5a3:   00 49 8d 56 08 48 89 6c 24 38 48 8d 4c 24 40 89
0x00007ffc7efef5b3:   5c 24 30 4c 8b cf 48 89 44 24 28 4c 89 64 24 20
0x00007ffc7efef5c3:   ff d6 48 83 7d 08 00 0f 84 e1 00 00 00 48 8d 8c
0x00007ffc7efef5d3:   24 98 00 00 00 e8 83 9d fc ff 48 8b 4c 24 40 48
0x00007ffc7efef5e3:   8b 44 24 48 4c 8b 89 e0 00 00 00 48 89 81 e0 00 


Stack slot to memory mapping:
stack at sp + 0 slots: 0x0000003b41eff640 is pointing into the stack for thread: 0x000001c2ae77d800
stack at sp + 1 slots: 0x0 is NULL
stack at sp + 2 slots: 0x00000008400e88f8 is a pointer to class: 
org.springframework.boot.devtools.restart.Restarter$LeakSafeThread {0x00000008400e8900}
stack at sp + 3 slots: 0x0000003b41eff760 is pointing into the stack for thread: 0x000001c2ae77d800
stack at sp + 4 slots: 0x0000003b41eff7c0 is pointing into the stack for thread: 0x000001c2ae77d800
stack at sp + 5 slots: 0x00007ffc7efb9405 jvm.dll
stack at sp + 6 slots: 0x0 is NULL
stack at sp + 7 slots: 0x0 is NULL


---------------  P R O C E S S  ---------------

Threads class SMR info:
_java_thread_list=0x000001c2ab8a1d00, length=37, elements={
0x000001c2aa5b3800, 0x000001c2aa5b4800, 0x000001c2aa5cc800, 0x000001c2aa5cf800,
0x000001c2aa5d0800, 0x000001c2aa5fa800, 0x000001c2aa58c000, 0x000001c2ab47e000,
0x000001c2ab622000, 0x000001c2ab39b800, 0x000001c2ab8d8000, 0x000001c2ab8d9000,
0x000001c2ab542800, 0x000001c2ab620800, 0x000001c2ae6b6800, 0x000001c2ae6b8000,
0x000001c2ae6b5000, 0x000001c2ae6b3800, 0x000001c2ae6b9000, 0x000001c2ae6b7800,
0x000001c2ae6ba000, 0x000001c2ae6b4000, 0x000001c2ae6b5800, 0x000001c2ae772800,
0x000001c2ae777000, 0x000001c2ae771000, 0x000001c2ae774800, 0x000001c2ae777800,
0x000001c2ae775000, 0x000001c2ae772000, 0x000001c2ae778800, 0x000001c2ae776000,
0x000001c2ae773800, 0x000001c2ae77b000, 0x000001c2ae77c800, 0x000001c2ae77b800,
0x000001c2ae77d800
}

Java Threads: ( => current thread )
  0x000001c2aa5b3800 JavaThread "Reference Handler" daemon [_thread_blocked, id=8416, stack(0x0000003b3de00000,0x0000003b3df00000)]
  0x000001c2aa5b4800 JavaThread "Finalizer" daemon [_thread_blocked, id=1172, stack(0x0000003b3df00000,0x0000003b3e000000)]
  0x000001c2aa5cc800 JavaThread "Signal Dispatcher" daemon [_thread_blocked, id=6720, stack(0x0000003b3e000000,0x0000003b3e100000)]
  0x000001c2aa5cf800 JavaThread "Attach Listener" daemon [_thread_blocked, id=1000, stack(0x0000003b3e100000,0x0000003b3e200000)]
  0x000001c2aa5d0800 JavaThread "C1 CompilerThread0" daemon [_thread_blocked, id=680, stack(0x0000003b3e200000,0x0000003b3e300000)]
  0x000001c2aa5fa800 JavaThread "Sweeper thread" daemon [_thread_blocked, id=8096, stack(0x0000003b3e300000,0x0000003b3e400000)]
  0x000001c2aa58c000 JavaThread "Common-Cleaner" daemon [_thread_blocked, id=4940, stack(0x0000003b3e400000,0x0000003b3e500000)]
  0x000001c2ab47e000 JavaThread "Service Thread" daemon [_thread_blocked, id=6468, stack(0x0000003b3e600000,0x0000003b3e700000)]
  0x000001c2ab622000 JavaThread "RMI TCP Accept-0" daemon [_thread_in_native, id=7468, stack(0x0000003b3e700000,0x0000003b3e800000)]
  0x000001c2ab39b800 JavaThread "Catalina-utility-1" [_thread_blocked, id=4704, stack(0x0000003b3f300000,0x0000003b3f400000)]
  0x000001c2ab8d8000 JavaThread "Catalina-utility-2" [_thread_blocked, id=5052, stack(0x0000003b3f400000,0x0000003b3f500000)]
  0x000001c2ab8d9000 JavaThread "container-0" [_thread_blocked, id=9688, stack(0x0000003b3f500000,0x0000003b3f600000)]
  0x000001c2ab542800 JavaThread "File Watcher" daemon [_thread_blocked, id=3208, stack(0x0000003b3f600000,0x0000003b3f700000)]
  0x000001c2ab620800 JavaThread "spring.cloud.inetutils" daemon [_thread_blocked, id=5408, stack(0x0000003b3f700000,0x0000003b3f800000)]
  0x000001c2ae6b6800 JavaThread "Eureka-JerseyClient-Conn-Cleaner2" daemon [_thread_blocked, id=8632, stack(0x0000003b3f800000,0x0000003b3f900000)]
  0x000001c2ae6b8000 JavaThread "AsyncResolver-bootstrap-0" daemon [_thread_blocked, id=8584, stack(0x0000003b3f900000,0x0000003b3fa00000)]
  0x000001c2ae6b5000 JavaThread "DiscoveryClient-0" daemon [_thread_blocked, id=6132, stack(0x0000003b3fb00000,0x0000003b3fc00000)]
  0x000001c2ae6b3800 JavaThread "DiscoveryClient-1" daemon [_thread_blocked, id=1816, stack(0x0000003b3fc00000,0x0000003b3fd00000)]
  0x000001c2ae6b9000 JavaThread "DiscoveryClient-InstanceInfoReplicator-0" daemon [_thread_blocked, id=6772, stack(0x0000003b3fd00000,0x0000003b3fe00000)]
  0x000001c2ae6b7800 JavaThread "http-nio-8083-BlockPoller" daemon [_thread_in_native, id=3060, stack(0x0000003b3fe00000,0x0000003b3ff00000)]
  0x000001c2ae6ba000 JavaThread "http-nio-8083-exec-1" daemon [_thread_blocked, id=156, stack(0x0000003b3ff00000,0x0000003b40000000)]
  0x000001c2ae6b4000 JavaThread "http-nio-8083-exec-2" daemon [_thread_blocked, id=10000, stack(0x0000003b40000000,0x0000003b40100000)]
  0x000001c2ae6b5800 JavaThread "http-nio-8083-exec-3" daemon [_thread_blocked, id=8896, stack(0x0000003b40100000,0x0000003b40200000)]
  0x000001c2ae772800 JavaThread "http-nio-8083-exec-4" daemon [_thread_blocked, id=8576, stack(0x0000003b40200000,0x0000003b40300000)]
  0x000001c2ae777000 JavaThread "http-nio-8083-exec-5" daemon [_thread_blocked, id=4120, stack(0x0000003b40300000,0x0000003b40400000)]
  0x000001c2ae771000 JavaThread "http-nio-8083-exec-6" daemon [_thread_blocked, id=6416, stack(0x0000003b40400000,0x0000003b40500000)]
  0x000001c2ae774800 JavaThread "http-nio-8083-exec-7" daemon [_thread_blocked, id=2324, stack(0x0000003b40500000,0x0000003b40600000)]
  0x000001c2ae777800 JavaThread "http-nio-8083-exec-8" daemon [_thread_blocked, id=9668, stack(0x0000003b40600000,0x0000003b40700000)]
  0x000001c2ae775000 JavaThread "http-nio-8083-exec-9" daemon [_thread_blocked, id=9780, stack(0x0000003b40700000,0x0000003b40800000)]
  0x000001c2ae772000 JavaThread "http-nio-8083-exec-10" daemon [_thread_blocked, id=8564, stack(0x0000003b40800000,0x0000003b40900000)]
  0x000001c2ae778800 JavaThread "http-nio-8083-ClientPoller" daemon [_thread_in_native, id=7204, stack(0x0000003b40900000,0x0000003b40a00000)]
  0x000001c2ae776000 JavaThread "http-nio-8083-Acceptor" daemon [_thread_in_native, id=6776, stack(0x0000003b40a00000,0x0000003b40b00000)]
  0x000001c2ae773800 JavaThread "DestroyJavaVM" [_thread_blocked, id=3400, stack(0x0000003b3d700000,0x0000003b3d800000)]
  0x000001c2ae77b000 JavaThread "DiscoveryClient-HeartbeatExecutor-0" daemon [_thread_blocked, id=1032, stack(0x0000003b40d00000,0x0000003b40e00000)]
  0x000001c2ae77c800 JavaThread "DiscoveryClient-CacheRefreshExecutor-0" daemon [_thread_blocked, id=3080, stack(0x0000003b40e00000,0x0000003b40f00000)]
  0x000001c2ae77b800 JavaThread "AsyncResolver-bootstrap-executor-0" daemon [_thread_blocked, id=3960, stack(0x0000003b40f00000,0x0000003b41000000)]
=>0x000001c2ae77d800 JavaThread "Thread-1" [_thread_in_vm, id=272, stack(0x0000003b41e00000,0x0000003b41f00000)]

Other Threads:
  0x000001c2aa5a6800 VMThread "VM Thread" [stack: 0x0000003b3dd00000,0x0000003b3de00000] [id=972]
  0x000001c2ab61d800 WatcherThread [stack: 0x0000003b3e800000,0x0000003b3e900000] [id=2108]
  0x000001c2906d6800 GCTaskThread "GC Thread#0" [stack: 0x0000003b3d800000,0x0000003b3d900000] [id=7716]
  0x000001c2ab689000 GCTaskThread "GC Thread#1" [stack: 0x0000003b3e900000,0x0000003b3ea00000] [id=3616]
  0x000001c2ab64c000 GCTaskThread "GC Thread#2" [stack: 0x0000003b3ea00000,0x0000003b3eb00000] [id=5456]
  0x000001c2ab990800 GCTaskThread "GC Thread#3" [stack: 0x0000003b3ee00000,0x0000003b3ef00000] [id=124]
  0x000001c290706800 ConcurrentGCThread "G1 Main Marker" [stack: 0x0000003b3d900000,0x0000003b3da00000] [id=9104]
  0x000001c29070a000 ConcurrentGCThread "G1 Conc#0" [stack: 0x0000003b3da00000,0x0000003b3db00000] [id=3532]
  0x000001c29079b000 ConcurrentGCThread "G1 Refine#0" [stack: 0x0000003b3db00000,0x0000003b3dc00000] [id=7700]
  0x000001c2ab10b000 ConcurrentGCThread "G1 Refine#1" [stack: 0x0000003b3eb00000,0x0000003b3ec00000] [id=6192]
  0x000001c29079c000 ConcurrentGCThread "G1 Young RemSet Sampling" [stack: 0x0000003b3dc00000,0x0000003b3dd00000] [id=9840]

Threads with active compile tasks:

VM state:synchronizing (normal execution)

VM Mutex/Monitor currently owned by a thread:  ([mutex/lock_event])
[0x000001c2906be620] Threads_lock - owner thread: 0x000001c2aa5a6800

Heap address: 0x0000000081200000, size: 2030 MB, Compressed Oops mode: 32-bit
Narrow klass base: 0x0000000800000000, Narrow klass shift: 3
Compressed class space size: 1073741824 Address: 0x0000000840000000

Heap:
 garbage-first heap   total 157696K, used 107918K [0x0000000081200000, 0x0000000100000000)
  region size 1024K, 85 young (87040K), 5 survivors (5120K)
 Metaspace       used 40954K, capacity 42316K, committed 42928K, reserved 1085440K
  class space    used 5451K, capacity 5950K, committed 6144K, reserved 1048576K
Heap Regions: E=young(eden), S=young(survivor), O=old, HS=humongous(starts), HC=humongous(continues), CS=collection set, F=free, A=archive, TAMS=top-at-mark-start (previous, next)
|   0|0x0000000081200000, 0x0000000081300000, 0x0000000081300000|100%| O|  |TAMS 0x0000000081300000, 0x0000000081200000| Untracked 
|   1|0x0000000081300000, 0x0000000081400000, 0x0000000081400000|100%| O|  |TAMS 0x0000000081400000, 0x0000000081300000| Untracked 
|   2|0x0000000081400000, 0x0000000081500000, 0x0000000081500000|100%| O|  |TAMS 0x0000000081500000, 0x0000000081400000| Untracked 
|   3|0x0000000081500000, 0x0000000081600000, 0x0000000081600000|100%| O|  |TAMS 0x0000000081600000, 0x0000000081500000| Untracked 
|   4|0x0000000081600000, 0x0000000081700000, 0x0000000081700000|100%| O|  |TAMS 0x0000000081700000, 0x0000000081600000| Untracked 
|   5|0x0000000081700000, 0x0000000081800000, 0x0000000081800000|100%| O|  |TAMS 0x0000000081800000, 0x0000000081700000| Untracked 
|   6|0x0000000081800000, 0x0000000081900000, 0x0000000081900000|100%| O|  |TAMS 0x0000000081900000, 0x0000000081800000| Untracked 
|   7|0x0000000081900000, 0x0000000081a00000, 0x0000000081a00000|100%| O|  |TAMS 0x0000000081a00000, 0x0000000081900000| Untracked 
|   8|0x0000000081a00000, 0x0000000081b00000, 0x0000000081b00000|100%| O|  |TAMS 0x0000000081b00000, 0x0000000081a00000| Untracked 
|   9|0x0000000081b00000, 0x0000000081c00000, 0x0000000081c00000|100%| O|  |TAMS 0x0000000081c00000, 0x0000000081b00000| Untracked 
|  10|0x0000000081c00000, 0x0000000081d00000, 0x0000000081d00000|100%| O|  |TAMS 0x0000000081d00000, 0x0000000081c00000| Untracked 
|  11|0x0000000081d00000, 0x0000000081e00000, 0x0000000081e00000|100%| O|  |TAMS 0x0000000081e00000, 0x0000000081d00000| Untracked 
|  12|0x0000000081e00000, 0x0000000081f00000, 0x0000000081f00000|100%| O|  |TAMS 0x0000000081f00000, 0x0000000081e00000| Untracked 
|  13|0x0000000081f00000, 0x0000000082000000, 0x0000000082000000|100%| O|  |TAMS 0x0000000082000000, 0x0000000081f00000| Untracked 
|  14|0x0000000082000000, 0x0000000082100000, 0x0000000082100000|100%| O|  |TAMS 0x0000000082100000, 0x0000000082000000| Untracked 
|  15|0x0000000082100000, 0x0000000082200000, 0x0000000082200000|100%| O|  |TAMS 0x0000000082200000, 0x0000000082100000| Untracked 
|  16|0x0000000082200000, 0x0000000082300000, 0x0000000082300000|100%| O|  |TAMS 0x0000000082300000, 0x0000000082200000| Untracked 
|  17|0x0000000082300000, 0x0000000082400000, 0x0000000082400000|100%| O|  |TAMS 0x0000000082400000, 0x0000000082300000| Untracked 
|  18|0x0000000082400000, 0x0000000082500000, 0x0000000082500000|100%| O|  |TAMS 0x0000000082500000, 0x0000000082400000| Untracked 
|  19|0x0000000082500000, 0x0000000082600000, 0x0000000082600000|100%| O|  |TAMS 0x0000000082600000, 0x0000000082500000| Untracked 
|  20|0x0000000082600000, 0x0000000082700000, 0x0000000082700000|100%| O|  |TAMS 0x0000000082700000, 0x0000000082600000| Untracked 
|  21|0x0000000082700000, 0x0000000082763800, 0x0000000082800000| 38%| O|  |TAMS 0x0000000082763800, 0x0000000082700000| Untracked 
|  22|0x0000000082800000, 0x0000000082800000, 0x0000000082900000|  0%| F|  |TAMS 0x0000000082800000, 0x0000000082800000| Untracked 
|  23|0x0000000082900000, 0x0000000082900000, 0x0000000082a00000|  0%| F|  |TAMS 0x0000000082900000, 0x0000000082900000| Untracked 
|  24|0x0000000082a00000, 0x0000000082a00000, 0x0000000082b00000|  0%| F|  |TAMS 0x0000000082a00000, 0x0000000082a00000| Untracked 
|  25|0x0000000082b00000, 0x0000000082b00000, 0x0000000082c00000|  0%| F|  |TAMS 0x0000000082b00000, 0x0000000082b00000| Untracked 
|  26|0x0000000082c00000, 0x0000000082c00000, 0x0000000082d00000|  0%| F|  |TAMS 0x0000000082c00000, 0x0000000082c00000| Untracked 
|  27|0x0000000082d00000, 0x0000000082d00000, 0x0000000082e00000|  0%| F|  |TAMS 0x0000000082d00000, 0x0000000082d00000| Untracked 
|  28|0x0000000082e00000, 0x0000000082e00000, 0x0000000082f00000|  0%| F|  |TAMS 0x0000000082e00000, 0x0000000082e00000| Untracked 
|  29|0x0000000082f00000, 0x0000000082f00000, 0x0000000083000000|  0%| F|  |TAMS 0x0000000082f00000, 0x0000000082f00000| Untracked 
|  30|0x0000000083000000, 0x0000000083000000, 0x0000000083100000|  0%| F|  |TAMS 0x0000000083000000, 0x0000000083000000| Untracked 
|  31|0x0000000083100000, 0x0000000083100000, 0x0000000083200000|  0%| F|  |TAMS 0x0000000083100000, 0x0000000083100000| Untracked 
|  32|0x0000000083200000, 0x0000000083200000, 0x0000000083300000|  0%| F|  |TAMS 0x0000000083200000, 0x0000000083200000| Untracked 
|  33|0x0000000083300000, 0x0000000083300000, 0x0000000083400000|  0%| F|  |TAMS 0x0000000083300000, 0x0000000083300000| Untracked 
|  34|0x0000000083400000, 0x0000000083400000, 0x0000000083500000|  0%| F|  |TAMS 0x0000000083400000, 0x0000000083400000| Untracked 
|  35|0x0000000083500000, 0x0000000083500000, 0x0000000083600000|  0%| F|  |TAMS 0x0000000083500000, 0x0000000083500000| Untracked 
|  36|0x0000000083600000, 0x0000000083600000, 0x0000000083700000|  0%| F|  |TAMS 0x0000000083600000, 0x0000000083600000| Untracked 
|  37|0x0000000083700000, 0x0000000083700000, 0x0000000083800000|  0%| F|  |TAMS 0x0000000083700000, 0x0000000083700000| Untracked 
|  38|0x0000000083800000, 0x0000000083800000, 0x0000000083900000|  0%| F|  |TAMS 0x0000000083800000, 0x0000000083800000| Untracked 
|  39|0x0000000083900000, 0x0000000083900000, 0x0000000083a00000|  0%| F|  |TAMS 0x0000000083900000, 0x0000000083900000| Untracked 
|  40|0x0000000083a00000, 0x0000000083a00000, 0x0000000083b00000|  0%| F|  |TAMS 0x0000000083a00000, 0x0000000083a00000| Untracked 
|  41|0x0000000083b00000, 0x0000000083b00000, 0x0000000083c00000|  0%| F|  |TAMS 0x0000000083b00000, 0x0000000083b00000| Untracked 
|  42|0x0000000083c00000, 0x0000000083c00000, 0x0000000083d00000|  0%| F|  |TAMS 0x0000000083c00000, 0x0000000083c00000| Untracked 
|  43|0x0000000083d00000, 0x0000000083d00000, 0x0000000083e00000|  0%| F|  |TAMS 0x0000000083d00000, 0x0000000083d00000| Untracked 
|  44|0x0000000083e00000, 0x0000000083e00000, 0x0000000083f00000|  0%| F|  |TAMS 0x0000000083e00000, 0x0000000083e00000| Untracked 
|  45|0x0000000083f00000, 0x0000000083f00000, 0x0000000084000000|  0%| F|  |TAMS 0x0000000083f00000, 0x0000000083f00000| Untracked 
|  46|0x0000000084000000, 0x0000000084000000, 0x0000000084100000|  0%| F|  |TAMS 0x0000000084000000, 0x0000000084000000| Untracked 
|  47|0x0000000084100000, 0x0000000084100000, 0x0000000084200000|  0%| F|  |TAMS 0x0000000084100000, 0x0000000084100000| Untracked 
|  48|0x0000000084200000, 0x0000000084200000, 0x0000000084300000|  0%| F|  |TAMS 0x0000000084200000, 0x0000000084200000| Untracked 
|  49|0x0000000084300000, 0x0000000084300000, 0x0000000084400000|  0%| F|  |TAMS 0x0000000084300000, 0x0000000084300000| Untracked 
|  50|0x0000000084400000, 0x0000000084400000, 0x0000000084500000|  0%| F|  |TAMS 0x0000000084400000, 0x0000000084400000| Untracked 
|  51|0x0000000084500000, 0x0000000084500000, 0x0000000084600000|  0%| F|  |TAMS 0x0000000084500000, 0x0000000084500000| Untracked 
|  52|0x0000000084600000, 0x0000000084600000, 0x0000000084700000|  0%| F|  |TAMS 0x0000000084600000, 0x0000000084600000| Untracked 
|  53|0x0000000084700000, 0x0000000084700000, 0x0000000084800000|  0%| F|  |TAMS 0x0000000084700000, 0x0000000084700000| Untracked 
|  54|0x0000000084800000, 0x0000000084800000, 0x0000000084900000|  0%| F|  |TAMS 0x0000000084800000, 0x0000000084800000| Untracked 
|  55|0x0000000084900000, 0x0000000084900000, 0x0000000084a00000|  0%| F|  |TAMS 0x0000000084900000, 0x0000000084900000| Untracked 
|  56|0x0000000084a00000, 0x0000000084a00000, 0x0000000084b00000|  0%| F|  |TAMS 0x0000000084a00000, 0x0000000084a00000| Untracked 
|  57|0x0000000084b00000, 0x0000000084c00000, 0x0000000084c00000|100%| S|CS|TAMS 0x0000000084b00000, 0x0000000084b00000| Complete 
|  58|0x0000000084c00000, 0x0000000084d00000, 0x0000000084d00000|100%| S|CS|TAMS 0x0000000084c00000, 0x0000000084c00000| Complete 
|  59|0x0000000084d00000, 0x0000000084e00000, 0x0000000084e00000|100%| S|CS|TAMS 0x0000000084d00000, 0x0000000084d00000| Complete 
|  60|0x0000000084e00000, 0x0000000084e00000, 0x0000000084f00000|  0%| F|  |TAMS 0x0000000084e00000, 0x0000000084e00000| Untracked 
|  61|0x0000000084f00000, 0x0000000084f00000, 0x0000000085000000|  0%| F|  |TAMS 0x0000000084f00000, 0x0000000084f00000| Untracked 
|  62|0x0000000085000000, 0x0000000085000000, 0x0000000085100000|  0%| F|  |TAMS 0x0000000085000000, 0x0000000085000000| Untracked 
|  63|0x0000000085100000, 0x0000000085100000, 0x0000000085200000|  0%| F|  |TAMS 0x0000000085100000, 0x0000000085100000| Untracked 
|  64|0x0000000085200000, 0x0000000085200000, 0x0000000085300000|  0%| F|  |TAMS 0x0000000085200000, 0x0000000085200000| Untracked 
|  65|0x0000000085300000, 0x0000000085300000, 0x0000000085400000|  0%| F|  |TAMS 0x0000000085300000, 0x0000000085300000| Untracked 
|  66|0x0000000085400000, 0x0000000085500000, 0x0000000085500000|100%| S|CS|TAMS 0x0000000085400000, 0x0000000085400000| Complete 
|  67|0x0000000085500000, 0x0000000085600000, 0x0000000085600000|100%| S|CS|TAMS 0x0000000085500000, 0x0000000085500000| Complete 
|  68|0x0000000085600000, 0x0000000085600000, 0x0000000085700000|  0%| F|  |TAMS 0x0000000085600000, 0x0000000085600000| Untracked 
|  69|0x0000000085700000, 0x0000000085700000, 0x0000000085800000|  0%| F|  |TAMS 0x0000000085700000, 0x0000000085700000| Untracked 
|  70|0x0000000085800000, 0x0000000085800000, 0x0000000085900000|  0%| F|  |TAMS 0x0000000085800000, 0x0000000085800000| Untracked 
|  71|0x0000000085900000, 0x0000000085900000, 0x0000000085a00000|  0%| F|  |TAMS 0x0000000085900000, 0x0000000085900000| Untracked 
|  72|0x0000000085a00000, 0x0000000085a00000, 0x0000000085b00000|  0%| F|  |TAMS 0x0000000085a00000, 0x0000000085a00000| Untracked 
|  73|0x0000000085b00000, 0x0000000085b00000, 0x0000000085c00000|  0%| F|  |TAMS 0x0000000085b00000, 0x0000000085b00000| Untracked 
|  74|0x0000000085c00000, 0x0000000085d00000, 0x0000000085d00000|100%| E|  |TAMS 0x0000000085c00000, 0x0000000085c00000| Complete 
|  75|0x0000000085d00000, 0x0000000085e00000, 0x0000000085e00000|100%| E|CS|TAMS 0x0000000085d00000, 0x0000000085d00000| Complete 
|  76|0x0000000085e00000, 0x0000000085f00000, 0x0000000085f00000|100%| E|CS|TAMS 0x0000000085e00000, 0x0000000085e00000| Complete 
|  77|0x0000000085f00000, 0x0000000086000000, 0x0000000086000000|100%| E|CS|TAMS 0x0000000085f00000, 0x0000000085f00000| Complete 
|  78|0x0000000086000000, 0x0000000086100000, 0x0000000086100000|100%| E|CS|TAMS 0x0000000086000000, 0x0000000086000000| Complete 
|  79|0x0000000086100000, 0x0000000086200000, 0x0000000086200000|100%| E|CS|TAMS 0x0000000086100000, 0x0000000086100000| Complete 
|  80|0x0000000086200000, 0x0000000086300000, 0x0000000086300000|100%| E|CS|TAMS 0x0000000086200000, 0x0000000086200000| Complete 
|  81|0x0000000086300000, 0x0000000086400000, 0x0000000086400000|100%| E|CS|TAMS 0x0000000086300000, 0x0000000086300000| Complete 
|  82|0x0000000086400000, 0x0000000086500000, 0x0000000086500000|100%| E|CS|TAMS 0x0000000086400000, 0x0000000086400000| Complete 
|  83|0x0000000086500000, 0x0000000086600000, 0x0000000086600000|100%| E|CS|TAMS 0x0000000086500000, 0x0000000086500000| Complete 
|  84|0x0000000086600000, 0x0000000086700000, 0x0000000086700000|100%| E|CS|TAMS 0x0000000086600000, 0x0000000086600000| Complete 
|  85|0x0000000086700000, 0x0000000086800000, 0x0000000086800000|100%| E|CS|TAMS 0x0000000086700000, 0x0000000086700000| Complete 
|  86|0x0000000086800000, 0x0000000086900000, 0x0000000086900000|100%| E|CS|TAMS 0x0000000086800000, 0x0000000086800000| Complete 
|  87|0x0000000086900000, 0x0000000086a00000, 0x0000000086a00000|100%| E|CS|TAMS 0x0000000086900000, 0x0000000086900000| Complete 
|  88|0x0000000086a00000, 0x0000000086b00000, 0x0000000086b00000|100%| E|CS|TAMS 0x0000000086a00000, 0x0000000086a00000| Complete 
|  89|0x0000000086b00000, 0x0000000086c00000, 0x0000000086c00000|100%| E|CS|TAMS 0x0000000086b00000, 0x0000000086b00000| Complete 
|  90|0x0000000086c00000, 0x0000000086d00000, 0x0000000086d00000|100%| E|CS|TAMS 0x0000000086c00000, 0x0000000086c00000| Complete 
|  91|0x0000000086d00000, 0x0000000086e00000, 0x0000000086e00000|100%| E|CS|TAMS 0x0000000086d00000, 0x0000000086d00000| Complete 
|  92|0x0000000086e00000, 0x0000000086f00000, 0x0000000086f00000|100%| E|CS|TAMS 0x0000000086e00000, 0x0000000086e00000| Complete 
|  93|0x0000000086f00000, 0x0000000087000000, 0x0000000087000000|100%| E|CS|TAMS 0x0000000086f00000, 0x0000000086f00000| Complete 
|  94|0x0000000087000000, 0x0000000087100000, 0x0000000087100000|100%| E|CS|TAMS 0x0000000087000000, 0x0000000087000000| Complete 
|  95|0x0000000087100000, 0x0000000087200000, 0x0000000087200000|100%| E|CS|TAMS 0x0000000087100000, 0x0000000087100000| Complete 
|  96|0x0000000087200000, 0x0000000087300000, 0x0000000087300000|100%| E|CS|TAMS 0x0000000087200000, 0x0000000087200000| Complete 
|  97|0x0000000087300000, 0x0000000087400000, 0x0000000087400000|100%| E|CS|TAMS 0x0000000087300000, 0x0000000087300000| Complete 
|  98|0x0000000087400000, 0x0000000087500000, 0x0000000087500000|100%| E|CS|TAMS 0x0000000087400000, 0x0000000087400000| Complete 
|  99|0x0000000087500000, 0x0000000087600000, 0x0000000087600000|100%| E|CS|TAMS 0x0000000087500000, 0x0000000087500000| Complete 
| 100|0x0000000087600000, 0x0000000087700000, 0x0000000087700000|100%| E|CS|TAMS 0x0000000087600000, 0x0000000087600000| Complete 
| 101|0x0000000087700000, 0x0000000087800000, 0x0000000087800000|100%| E|CS|TAMS 0x0000000087700000, 0x0000000087700000| Complete 
| 102|0x0000000087800000, 0x0000000087900000, 0x0000000087900000|100%| E|CS|TAMS 0x0000000087800000, 0x0000000087800000| Complete 
| 103|0x0000000087900000, 0x0000000087a00000, 0x0000000087a00000|100%| E|CS|TAMS 0x0000000087900000, 0x0000000087900000| Complete 
| 104|0x0000000087a00000, 0x0000000087b00000, 0x0000000087b00000|100%| E|CS|TAMS 0x0000000087a00000, 0x0000000087a00000| Complete 
| 105|0x0000000087b00000, 0x0000000087c00000, 0x0000000087c00000|100%| E|CS|TAMS 0x0000000087b00000, 0x0000000087b00000| Complete 
| 106|0x0000000087c00000, 0x0000000087d00000, 0x0000000087d00000|100%| E|CS|TAMS 0x0000000087c00000, 0x0000000087c00000| Complete 
| 107|0x0000000087d00000, 0x0000000087e00000, 0x0000000087e00000|100%| E|CS|TAMS 0x0000000087d00000, 0x0000000087d00000| Complete 
| 108|0x0000000087e00000, 0x0000000087f00000, 0x0000000087f00000|100%| E|CS|TAMS 0x0000000087e00000, 0x0000000087e00000| Complete 
| 109|0x0000000087f00000, 0x0000000088000000, 0x0000000088000000|100%| E|CS|TAMS 0x0000000087f00000, 0x0000000087f00000| Complete 
| 110|0x0000000088000000, 0x0000000088100000, 0x0000000088100000|100%| E|CS|TAMS 0x0000000088000000, 0x0000000088000000| Complete 
| 111|0x0000000088100000, 0x0000000088200000, 0x0000000088200000|100%| E|CS|TAMS 0x0000000088100000, 0x0000000088100000| Complete 
| 112|0x0000000088200000, 0x0000000088300000, 0x0000000088300000|100%| E|CS|TAMS 0x0000000088200000, 0x0000000088200000| Complete 
| 113|0x0000000088300000, 0x0000000088400000, 0x0000000088400000|100%| E|CS|TAMS 0x0000000088300000, 0x0000000088300000| Complete 
| 114|0x0000000088400000, 0x0000000088500000, 0x0000000088500000|100%| E|CS|TAMS 0x0000000088400000, 0x0000000088400000| Complete 
| 115|0x0000000088500000, 0x0000000088600000, 0x0000000088600000|100%| E|CS|TAMS 0x0000000088500000, 0x0000000088500000| Complete 
| 116|0x0000000088600000, 0x0000000088700000, 0x0000000088700000|100%| E|CS|TAMS 0x0000000088600000, 0x0000000088600000| Complete 
| 117|0x0000000088700000, 0x0000000088800000, 0x0000000088800000|100%| E|CS|TAMS 0x0000000088700000, 0x0000000088700000| Complete 
| 118|0x0000000088800000, 0x0000000088900000, 0x0000000088900000|100%| E|CS|TAMS 0x0000000088800000, 0x0000000088800000| Complete 
| 119|0x0000000088900000, 0x0000000088a00000, 0x0000000088a00000|100%| E|CS|TAMS 0x0000000088900000, 0x0000000088900000| Complete 
| 120|0x0000000088a00000, 0x0000000088b00000, 0x0000000088b00000|100%| E|CS|TAMS 0x0000000088a00000, 0x0000000088a00000| Complete 
| 121|0x0000000088b00000, 0x0000000088c00000, 0x0000000088c00000|100%| E|CS|TAMS 0x0000000088b00000, 0x0000000088b00000| Complete 
| 122|0x0000000088c00000, 0x0000000088d00000, 0x0000000088d00000|100%| E|CS|TAMS 0x0000000088c00000, 0x0000000088c00000| Complete 
| 123|0x0000000088d00000, 0x0000000088e00000, 0x0000000088e00000|100%| E|CS|TAMS 0x0000000088d00000, 0x0000000088d00000| Complete 
| 124|0x0000000088e00000, 0x0000000088f00000, 0x0000000088f00000|100%| E|CS|TAMS 0x0000000088e00000, 0x0000000088e00000| Complete 
| 125|0x0000000088f00000, 0x0000000089000000, 0x0000000089000000|100%| E|CS|TAMS 0x0000000088f00000, 0x0000000088f00000| Complete 
| 126|0x0000000089000000, 0x0000000089100000, 0x0000000089100000|100%| E|CS|TAMS 0x0000000089000000, 0x0000000089000000| Complete 
| 127|0x0000000089100000, 0x0000000089200000, 0x0000000089200000|100%| E|CS|TAMS 0x0000000089100000, 0x0000000089100000| Complete 
| 128|0x0000000089200000, 0x0000000089300000, 0x0000000089300000|100%| E|CS|TAMS 0x0000000089200000, 0x0000000089200000| Complete 
| 129|0x0000000089300000, 0x0000000089400000, 0x0000000089400000|100%| E|CS|TAMS 0x0000000089300000, 0x0000000089300000| Complete 
| 130|0x0000000089400000, 0x0000000089500000, 0x0000000089500000|100%| E|CS|TAMS 0x0000000089400000, 0x0000000089400000| Complete 
| 131|0x0000000089500000, 0x0000000089600000, 0x0000000089600000|100%| E|CS|TAMS 0x0000000089500000, 0x0000000089500000| Complete 
| 132|0x0000000089600000, 0x0000000089700000, 0x0000000089700000|100%| E|CS|TAMS 0x0000000089600000, 0x0000000089600000| Complete 
| 133|0x0000000089700000, 0x0000000089800000, 0x0000000089800000|100%| E|CS|TAMS 0x0000000089700000, 0x0000000089700000| Complete 
| 134|0x0000000089800000, 0x0000000089900000, 0x0000000089900000|100%| E|CS|TAMS 0x0000000089800000, 0x0000000089800000| Complete 
| 135|0x0000000089900000, 0x0000000089a00000, 0x0000000089a00000|100%| E|CS|TAMS 0x0000000089900000, 0x0000000089900000| Complete 
| 136|0x0000000089a00000, 0x0000000089b00000, 0x0000000089b00000|100%| E|CS|TAMS 0x0000000089a00000, 0x0000000089a00000| Complete 
| 137|0x0000000089b00000, 0x0000000089c00000, 0x0000000089c00000|100%| E|CS|TAMS 0x0000000089b00000, 0x0000000089b00000| Complete 
| 138|0x0000000089c00000, 0x0000000089d00000, 0x0000000089d00000|100%| E|CS|TAMS 0x0000000089c00000, 0x0000000089c00000| Complete 
| 139|0x0000000089d00000, 0x0000000089e00000, 0x0000000089e00000|100%| E|CS|TAMS 0x0000000089d00000, 0x0000000089d00000| Complete 
| 140|0x0000000089e00000, 0x0000000089f00000, 0x0000000089f00000|100%| E|CS|TAMS 0x0000000089e00000, 0x0000000089e00000| Complete 
| 141|0x0000000089f00000, 0x000000008a000000, 0x000000008a000000|100%| E|CS|TAMS 0x0000000089f00000, 0x0000000089f00000| Complete 
| 142|0x000000008a000000, 0x000000008a100000, 0x000000008a100000|100%| E|CS|TAMS 0x000000008a000000, 0x000000008a000000| Complete 
| 143|0x000000008a100000, 0x000000008a200000, 0x000000008a200000|100%| E|CS|TAMS 0x000000008a100000, 0x000000008a100000| Complete 
| 144|0x000000008a200000, 0x000000008a300000, 0x000000008a300000|100%| E|CS|TAMS 0x000000008a200000, 0x000000008a200000| Complete 
| 145|0x000000008a300000, 0x000000008a400000, 0x000000008a400000|100%| E|CS|TAMS 0x000000008a300000, 0x000000008a300000| Complete 
| 146|0x000000008a400000, 0x000000008a500000, 0x000000008a500000|100%| E|CS|TAMS 0x000000008a400000, 0x000000008a400000| Complete 
| 147|0x000000008a500000, 0x000000008a600000, 0x000000008a600000|100%| E|CS|TAMS 0x000000008a500000, 0x000000008a500000| Complete 
| 148|0x000000008a600000, 0x000000008a700000, 0x000000008a700000|100%| E|CS|TAMS 0x000000008a600000, 0x000000008a600000| Complete 
| 149|0x000000008a700000, 0x000000008a800000, 0x000000008a800000|100%| E|CS|TAMS 0x000000008a700000, 0x000000008a700000| Complete 
| 150|0x000000008a800000, 0x000000008a900000, 0x000000008a900000|100%| E|CS|TAMS 0x000000008a800000, 0x000000008a800000| Complete 
| 151|0x000000008a900000, 0x000000008aa00000, 0x000000008aa00000|100%| E|CS|TAMS 0x000000008a900000, 0x000000008a900000| Complete 
| 152|0x000000008aa00000, 0x000000008ab00000, 0x000000008ab00000|100%| E|CS|TAMS 0x000000008aa00000, 0x000000008aa00000| Complete 
| 153|0x000000008ab00000, 0x000000008ac00000, 0x000000008ac00000|100%| E|CS|TAMS 0x000000008ab00000, 0x000000008ab00000| Complete 

Card table byte_map: [0x000001c2a3990000,0x000001c2a3d90000] _byte_map_base: 0x000001c2a3587000

Marking Bits (Prev, Next): (CMBitMap*) 0x000001c2906fdab0, (CMBitMap*) 0x000001c2906fda78
 Prev Bits: [0x000001c2a6150000, 0x000001c2a8108000)
 Next Bits: [0x000001c2a4190000, 0x000001c2a6148000)

Polling page: 0x000001c28fea0000

Metaspace:

Usage:
  Non-class:     35.51 MB capacity,    34.67 MB ( 98%) used,   725.16 KB (  2%) free+waste,   138.56 KB ( <1%) overhead. 
      Class:      5.81 MB capacity,     5.32 MB ( 92%) used,   430.26 KB (  7%) free+waste,    67.94 KB (  1%) overhead. 
       Both:     41.32 MB capacity,    39.99 MB ( 97%) used,     1.13 MB (  3%) free+waste,   206.50 KB ( <1%) overhead. 

Virtual space:
  Non-class space:       36.00 MB reserved,      35.92 MB (>99%) committed 
      Class space:        1.00 GB reserved,       6.00 MB ( <1%) committed 
             Both:        1.04 GB reserved,      41.92 MB (  4%) committed 

Chunk freelists:
   Non-Class:  290.00 KB
       Class:  162.00 KB
        Both:  452.00 KB

CodeHeap 'non-profiled nmethods': size=238912Kb used=11535Kb max_used=11535Kb free=227377Kb
 bounds [0x000001c294c40000, 0x000001c295790000, 0x000001c2a3590000]
CodeHeap 'non-nmethods': size=6848Kb used=1211Kb max_used=1211Kb free=5636Kb
 bounds [0x000001c294590000, 0x000001c294800000, 0x000001c294c40000]
 total_blobs=7141 nmethods=6558 adapters=481
 compilation: enabled
              stopped_count=0, restarted_count=0
 full_count=0

Compilation events (10 events):
Event: 18426.295 Thread 0x000001c2aa5d0800 6591       1       org.apache.catalina.session.ManagerBase::processExpires (196 bytes)
Event: 18426.300 Thread 0x000001c2aa5d0800 nmethod 6591 0x000001c295780c10 code [0x000001c295780f80, 0x000001c295781c30]
Event: 18426.300 Thread 0x000001c2aa5d0800 6592       1       org.apache.catalina.session.ManagerBase::findSessions (22 bytes)
Event: 18426.301 Thread 0x000001c2aa5d0800 nmethod 6592 0x000001c295782390 code [0x000001c295782560, 0x000001c295782800]
Event: 18507.017 Thread 0x000001c2aa5d0800 6593       1       org.springframework.core.ResolvableType$DefaultVariableResolver::resolveVariable (9 bytes)
Event: 18507.018 Thread 0x000001c2aa5d0800 nmethod 6593 0x000001c295782910 code [0x000001c295782ac0, 0x000001c295782c30]
Event: 18507.018 Thread 0x000001c2aa5d0800 6594       1       org.springframework.core.ResolvableType::access$200 (6 bytes)
Event: 18507.018 Thread 0x000001c2aa5d0800 nmethod 6594 0x000001c295782d10 code [0x000001c295782ec0, 0x000001c295782fd0]
Event: 18507.018 Thread 0x000001c2aa5d0800 6595       1       org.springframework.core.ResolvableType::resolveVariable (161 bytes)
Event: 18507.021 Thread 0x000001c2aa5d0800 nmethod 6595 0x000001c295783090 code [0x000001c295783320, 0x000001c295783a60]

GC Heap History (10 events):
Event: 8.174 GC heap before
{Heap before GC invocations=7 (full 0):
 garbage-first heap   total 131072K, used 83938K [0x0000000081200000, 0x0000000100000000)
  region size 1024K, 76 young (77824K), 5 survivors (5120K)
 Metaspace       used 26745K, capacity 27861K, committed 28080K, reserved 1073152K
  class space    used 3633K, capacity 4025K, committed 4096K, reserved 1048576K
}
Event: 8.201 GC heap after
{Heap after GC invocations=8 (full 0):
 garbage-first heap   total 157696K, used 18883K [0x0000000081200000, 0x0000000100000000)
  region size 1024K, 10 young (10240K), 10 survivors (10240K)
 Metaspace       used 26745K, capacity 27861K, committed 28080K, reserved 1073152K
  class space    used 3633K, capacity 4025K, committed 4096K, reserved 1048576K
}
Event: 9.455 GC heap before
{Heap before GC invocations=8 (full 0):
 garbage-first heap   total 157696K, used 99779K [0x0000000081200000, 0x0000000100000000)
  region size 1024K, 89 young (91136K), 10 survivors (10240K)
 Metaspace       used 30909K, capacity 32162K, committed 32304K, reserved 1077248K
  class space    used 4175K, capacity 4652K, committed 4736K, reserved 1048576K
}
Event: 9.485 GC heap after
{Heap after GC invocations=9 (full 0):
 garbage-first heap   total 157696K, used 22415K [0x0000000081200000, 0x0000000100000000)
  region size 1024K, 9 young (9216K), 9 survivors (9216K)
 Metaspace       used 30909K, capacity 32162K, committed 32304K, reserved 1077248K
  class space    used 4175K, capacity 4652K, committed 4736K, reserved 1048576K
}
Event: 10.152 GC heap before
{Heap before GC invocations=9 (full 0):
 garbage-first heap   total 157696K, used 56207K [0x0000000081200000, 0x0000000100000000)
  region size 1024K, 43 young (44032K), 9 survivors (9216K)
 Metaspace       used 34501K, capacity 35833K, committed 35888K, reserved 1079296K
  class space    used 4672K, capacity 5204K, committed 5248K, reserved 1048576K
}
Event: 10.182 GC heap after
{Heap after GC invocations=10 (full 0):
 garbage-first heap   total 157696K, used 25681K [0x0000000081200000, 0x0000000100000000)
  region size 1024K, 8 young (8192K), 8 survivors (8192K)
 Metaspace       used 34501K, capacity 35833K, committed 35888K, reserved 1079296K
  class space    used 4672K, capacity 5204K, committed 5248K, reserved 1048576K
}
Event: 3135.048 GC heap before
{Heap before GC invocations=11 (full 0):
 garbage-first heap   total 157696K, used 107601K [0x0000000081200000, 0x0000000100000000)
  region size 1024K, 88 young (90112K), 8 survivors (8192K)
 Metaspace       used 39551K, capacity 40983K, committed 41264K, reserved 1085440K
  class space    used 5366K, capacity 5892K, committed 6016K, reserved 1048576K
}
Event: 3135.154 GC heap after
{Heap after GC invocations=12 (full 0):
 garbage-first heap   total 157696K, used 27374K [0x0000000081200000, 0x0000000100000000)
  region size 1024K, 6 young (6144K), 6 survivors (6144K)
 Metaspace       used 39551K, capacity 40983K, committed 41264K, reserved 1085440K
  class space    used 5366K, capacity 5892K, committed 6016K, reserved 1048576K
}
Event: 12173.376 GC heap before
{Heap before GC invocations=13 (full 0):
 garbage-first heap   total 157696K, used 115438K [0x0000000081200000, 0x0000000100000000)
  region size 1024K, 92 young (94208K), 6 survivors (6144K)
 Metaspace       used 40871K, capacity 42177K, committed 42672K, reserved 1085440K
  class space    used 5447K, capacity 5947K, committed 6144K, reserved 1048576K
}
Event: 12173.433 GC heap after
{Heap after GC invocations=14 (full 0):
 garbage-first heap   total 157696K, used 27022K [0x0000000081200000, 0x0000000100000000)
  region size 1024K, 5 young (5120K), 5 survivors (5120K)
 Metaspace       used 40871K, capacity 42177K, committed 42672K, reserved 1085440K
  class space    used 5447K, capacity 5947K, committed 6144K, reserved 1048576K
}

Deoptimization events (8 events):
Event: 8.897 Thread 0x000001c2ab965000 DEOPT PACKING pc=0x000001c294f8ca7f sp=0x0000003b3edf9510
Event: 8.897 Thread 0x000001c2ab965000 DEOPT UNPACKING pc=0x000001c2945b904e sp=0x0000003b3edf8a18 mode 3
Event: 8.900 Thread 0x000001c2ab965000 DEOPT PACKING pc=0x000001c294f614f1 sp=0x0000003b3edf94e0
Event: 8.900 Thread 0x000001c2ab965000 DEOPT UNPACKING pc=0x000001c2945b904e sp=0x0000003b3edf8a18 mode 3
Event: 10.087 Thread 0x000001c2ab965000 DEOPT PACKING pc=0x000001c294ddd94c sp=0x0000003b3edf9b10
Event: 10.087 Thread 0x000001c2ab965000 DEOPT UNPACKING pc=0x000001c2945b904e sp=0x0000003b3edf9028 mode 0
Event: 6317.421 Thread 0x000001c2ae778800 DEOPT PACKING pc=0x000001c2954fcb9a sp=0x0000003b409fee20
Event: 6317.421 Thread 0x000001c2ae778800 DEOPT UNPACKING pc=0x000001c2945b904e sp=0x0000003b409fe368 mode 3

Classes redefined (0 events):
No events

Internal exceptions (10 events):
Event: 18371.544 Thread 0x000001c2ae77b000 Exception <a 'java/net/SocketTimeoutException'{0x0000000085e0a638}: Read timed out> (0x0000000085e0a638) thrown at [c:/BuildAgent/work/5ff2f6c26000d570/src/hotspot/share/prims/jni.cpp, line 636]
Event: 18371.560 Thread 0x000001c2ae77c800 Exception <a 'java/net/SocketTimeoutException'{0x0000000085e406f8}: Read timed out> (0x0000000085e406f8) thrown at [c:/BuildAgent/work/5ff2f6c26000d570/src/hotspot/share/prims/jni.cpp, line 636]
Event: 18401.576 Thread 0x000001c2ae77b000 Exception <a 'java/net/SocketTimeoutException'{0x0000000085e13ed0}: Read timed out> (0x0000000085e13ed0) thrown at [c:/BuildAgent/work/5ff2f6c26000d570/src/hotspot/share/prims/jni.cpp, line 636]
Event: 18401.591 Thread 0x000001c2ae77c800 Exception <a 'java/net/SocketTimeoutException'{0x0000000085e49008}: Read timed out> (0x0000000085e49008) thrown at [c:/BuildAgent/work/5ff2f6c26000d570/src/hotspot/share/prims/jni.cpp, line 636]
Event: 18431.607 Thread 0x000001c2ae77b000 Exception <a 'java/net/SocketTimeoutException'{0x0000000085e1d768}: Read timed out> (0x0000000085e1d768) thrown at [c:/BuildAgent/work/5ff2f6c26000d570/src/hotspot/share/prims/jni.cpp, line 636]
Event: 18431.623 Thread 0x000001c2ae77c800 Exception <a 'java/net/SocketTimeoutException'{0x0000000085e51918}: Read timed out> (0x0000000085e51918) thrown at [c:/BuildAgent/work/5ff2f6c26000d570/src/hotspot/share/prims/jni.cpp, line 636]
Event: 18461.639 Thread 0x000001c2ae77b000 Exception <a 'java/net/SocketTimeoutException'{0x0000000085e27000}: Read timed out> (0x0000000085e27000) thrown at [c:/BuildAgent/work/5ff2f6c26000d570/src/hotspot/share/prims/jni.cpp, line 636]
Event: 18461.654 Thread 0x000001c2ae77c800 Exception <a 'java/net/SocketTimeoutException'{0x0000000085e5a228}: Read timed out> (0x0000000085e5a228) thrown at [c:/BuildAgent/work/5ff2f6c26000d570/src/hotspot/share/prims/jni.cpp, line 636]
Event: 18491.670 Thread 0x000001c2ae77b000 Exception <a 'java/net/SocketTimeoutException'{0x0000000085e30898}: Read timed out> (0x0000000085e30898) thrown at [c:/BuildAgent/work/5ff2f6c26000d570/src/hotspot/share/prims/jni.cpp, line 636]
Event: 18491.686 Thread 0x000001c2ae77c800 Exception <a 'java/net/SocketTimeoutException'{0x0000000085e62b38}: Read timed out> (0x0000000085e62b38) thrown at [c:/BuildAgent/work/5ff2f6c26000d570/src/hotspot/share/prims/jni.cpp, line 636]

Events (10 events):
Event: 18507.008 loading class org/hotswap/agent$HotswapAgent
Event: 18507.008 loading class org/hotswap/agent$HotswapAgent done
Event: 18507.022 loading class org/springframework/boot/devtools/autoconfigure/FileWatchingFailureHandler
Event: 18507.022 loading class org/springframework/boot/devtools/autoconfigure/FileWatchingFailureHandler done
Event: 18507.024 loading class org/springframework/boot/devtools/restart/FailureHandler
Event: 18507.024 loading class org/springframework/boot/devtools/restart/FailureHandler done
Event: 18507.024 loading class org/springframework/boot/devtools/restart/Restarter
Event: 18507.024 loading class org/springframework/boot/devtools/restart/Restarter done
Event: 18507.026 Thread 0x000001c2ae77d800 Thread added: 0x000001c2ae77d800
Event: 18507.026 Executing VM operation: RevokeBias


Dynamic libraries:
0x00007ff749f50000 - 0x00007ff749f97000 	C:\Program Files\JetBrains\IntelliJ IDEA 2019.3\jbr\bin\java.exe
0x00007ffcaf950000 - 0x00007ffcafb11000 	C:\Windows\SYSTEM32\ntdll.dll
0x00007ffcaf120000 - 0x00007ffcaf1cd000 	C:\Windows\system32\KERNEL32.DLL
0x00007ffcacaf0000 - 0x00007ffcaccd8000 	C:\Windows\system32\KERNELBASE.dll
0x00007ffcaec80000 - 0x00007ffcaedd6000 	C:\Windows\system32\USER32.dll
0x00007ffcaf570000 - 0x00007ffcaf6f6000 	C:\Windows\system32\GDI32.dll
0x00007ffc95d00000 - 0x00007ffc95f74000 	C:\Windows\WinSxS\amd64_microsoft.windows.common-controls_6595b64144ccf1df_6.0.10586.0_none_8c15ae12515e1c22\COMCTL32.dll
0x00007ffcaeb80000 - 0x00007ffcaec1d000 	C:\Windows\system32\msvcrt.dll
0x00007ffcaf2f0000 - 0x00007ffcaf56d000 	C:\Windows\system32\combase.dll
0x00007ffcaf1d0000 - 0x00007ffcaf2ec000 	C:\Windows\system32\RPCRT4.dll
0x00007ffcacce0000 - 0x00007ffcacd4a000 	C:\Windows\system32\bcryptPrimitives.dll
0x00007ffcaf7c0000 - 0x00007ffcaf7fb000 	C:\Windows\system32\IMM32.DLL
0x00007ffc9e000000 - 0x00007ffc9e017000 	C:\Program Files\JetBrains\IntelliJ IDEA 2019.3\jbr\bin\vcruntime140.dll
0x00007ffcab110000 - 0x00007ffcab204000 	C:\Windows\SYSTEM32\ucrtbase.dll
0x00007ffc8e500000 - 0x00007ffc8e59d000 	C:\Program Files\JetBrains\IntelliJ IDEA 2019.3\jbr\bin\msvcp140.dll
0x00007ffc7ec80000 - 0x00007ffc7f738000 	C:\Program Files\JetBrains\IntelliJ IDEA 2019.3\jbr\bin\server\jvm.dll
0x00007ffcacd50000 - 0x00007ffcacdf7000 	C:\Windows\system32\ADVAPI32.dll
0x00007ffcaf870000 - 0x00007ffcaf8cb000 	C:\Windows\system32\sechost.dll
0x00007ffcaf940000 - 0x00007ffcaf948000 	C:\Windows\system32\PSAPI.DLL
0x00007ffc9e1d0000 - 0x00007ffc9e1d9000 	C:\Windows\SYSTEM32\WSOCK32.dll
0x00007ffcaf8d0000 - 0x00007ffcaf93b000 	C:\Windows\system32\WS2_32.dll
0x00007ffcaa1f0000 - 0x00007ffcaa213000 	C:\Windows\SYSTEM32\WINMM.dll
0x00007ffca0d30000 - 0x00007ffca0d3a000 	C:\Windows\SYSTEM32\VERSION.dll
0x00007ffcaa190000 - 0x00007ffcaa1bc000 	C:\Windows\SYSTEM32\WINMMBASE.dll
0x00007ffcac020000 - 0x00007ffcac063000 	C:\Windows\system32\cfgmgr32.dll
0x00007ffcabff0000 - 0x00007ffcabfff000 	C:\Windows\system32\kernel.appcore.dll
0x00007ffc9abd0000 - 0x00007ffc9abe1000 	C:\Program Files\JetBrains\IntelliJ IDEA 2019.3\jbr\bin\verify.dll
0x00007ffc990e0000 - 0x00007ffc9926c000 	C:\Windows\SYSTEM32\DBGHELP.DLL
0x00007ffc98fc0000 - 0x00007ffc98fe5000 	C:\Windows\SYSTEM32\dbgcore.DLL
0x00007ffc94a20000 - 0x00007ffc94a49000 	C:\Program Files\JetBrains\IntelliJ IDEA 2019.3\jbr\bin\java.dll
0x00007ffc90840000 - 0x00007ffc90874000 	C:\Program Files\JetBrains\IntelliJ IDEA 2019.3\jbr\bin\instrument.dll
0x00007ffc95260000 - 0x00007ffc95277000 	C:\Program Files\JetBrains\IntelliJ IDEA 2019.3\jbr\bin\zip.dll
0x00007ffca1790000 - 0x00007ffca179b000 	C:\Program Files\JetBrains\IntelliJ IDEA 2019.3\jbr\bin\jimage.dll
0x00007ffcad230000 - 0x00007ffcae78f000 	C:\Windows\system32\SHELL32.dll
0x00007ffcac1e0000 - 0x00007ffcac824000 	C:\Windows\system32\windows.storage.dll
0x00007ffcaeb20000 - 0x00007ffcaeb72000 	C:\Windows\system32\shlwapi.dll
0x00007ffcac070000 - 0x00007ffcac125000 	C:\Windows\system32\shcore.dll
0x00007ffcabf90000 - 0x00007ffcabfdb000 	C:\Windows\system32\powrprof.dll
0x00007ffcabf70000 - 0x00007ffcabf84000 	C:\Windows\system32\profapi.dll
0x00007ffc94690000 - 0x00007ffc946aa000 	C:\Program Files\JetBrains\IntelliJ IDEA 2019.3\jbr\bin\net.dll
0x00007ffca89f0000 - 0x00007ffca8ab8000 	C:\Windows\SYSTEM32\WINHTTP.dll
0x00007ffc9c250000 - 0x00007ffc9c408000 	C:\Windows\SYSTEM32\urlmon.dll
0x00007ffc9e370000 - 0x00007ffc9e6f2000 	C:\Windows\SYSTEM32\iertutil.dll
0x00007ffcab840000 - 0x00007ffcab89c000 	C:\Windows\system32\mswsock.dll
0x00007ffc936a0000 - 0x00007ffc936b4000 	C:\Program Files\JetBrains\IntelliJ IDEA 2019.3\jbr\bin\nio.dll
0x00007ffcaa410000 - 0x00007ffcaa42a000 	C:\Program Files\JetBrains\IntelliJ IDEA 2019.3\bin\breakgen64.dll
0x00007ffcaa990000 - 0x00007ffcaaa3a000 	C:\Windows\SYSTEM32\DNSAPI.dll
0x00007ffcaf7b0000 - 0x00007ffcaf7b8000 	C:\Windows\system32\NSI.dll
0x00007ffca1000000 - 0x00007ffca100a000 	C:\Windows\System32\rasadhlp.dll
0x00007ffca2f20000 - 0x00007ffca2f87000 	C:\Windows\System32\fwpuclnt.dll
0x00007ffcabea0000 - 0x00007ffcabec9000 	C:\Windows\SYSTEM32\bcrypt.dll
0x00007ffc9ef40000 - 0x00007ffc9ef4a000 	C:\Program Files\JetBrains\IntelliJ IDEA 2019.3\jbr\bin\management.dll
0x00007ffc9abc0000 - 0x00007ffc9abcc000 	C:\Program Files\JetBrains\IntelliJ IDEA 2019.3\jbr\bin\management_ext.dll
0x00007ffcab8f0000 - 0x00007ffcab907000 	C:\Windows\SYSTEM32\CRYPTSP.dll
0x00007ffcab580000 - 0x00007ffcab5b4000 	C:\Windows\system32\rsaenh.dll
0x00007ffcab6d0000 - 0x00007ffcab6ef000 	C:\Windows\SYSTEM32\USERENV.dll
0x00007ffcaba10000 - 0x00007ffcaba1b000 	C:\Windows\SYSTEM32\CRYPTBASE.dll
0x00007ffca31d0000 - 0x00007ffca3208000 	C:\Windows\SYSTEM32\IPHLPAPI.DLL
0x00007ffca3350000 - 0x00007ffca3366000 	C:\Windows\SYSTEM32\dhcpcsvc6.DLL
0x00007ffca32c0000 - 0x00007ffca32da000 	C:\Windows\SYSTEM32\dhcpcsvc.DLL
0x00007ffc92b50000 - 0x00007ffc92b66000 	C:\Windows\system32\napinsp.dll
0x00007ffc92b70000 - 0x00007ffc92b8a000 	C:\Windows\system32\pnrpnsp.dll
0x00007ffca9f60000 - 0x00007ffca9f78000 	C:\Windows\system32\NLAapi.dll
0x00007ffc92b90000 - 0x00007ffc92b9d000 	C:\Windows\System32\winrnr.dll
0x00007ffc92ba0000 - 0x00007ffc92bb5000 	C:\Windows\System32\wshbth.dll
0x00007ffc90d90000 - 0x00007ffc90db8000 	C:\Program Files\JetBrains\IntelliJ IDEA 2019.3\jbr\bin\sunec.dll

dbghelp: loaded successfully - version: 4.0.5 - missing functions: none
symbol engine: initialized successfully - sym options: 0x614 - pdb path: .;C:\Program Files\JetBrains\IntelliJ IDEA 2019.3\jbr\bin;C:\Windows\SYSTEM32;C:\Windows\WinSxS\amd64_microsoft.windows.common-controls_6595b64144ccf1df_6.0.10586.0_none_8c15ae12515e1c22;C:\Program Files\JetBrains\IntelliJ IDEA 2019.3\jbr\bin\server;C:\Program Files\JetBrains\IntelliJ IDEA 2019.3\bin

VM Arguments:
jvm_args: -XX:TieredStopAtLevel=1 -Xverify:none -Dspring.output.ansi.enabled=always -Dcom.sun.management.jmxremote -Dspring.jmx.enabled=true -Dspring.liveBeansView.mbeanDomain -Dspring.application.admin.enabled=true -javaagent:C:\Program Files\JetBrains\IntelliJ IDEA 2019.3\lib\idea_rt.jar=51056:C:\Program Files\JetBrains\IntelliJ IDEA 2019.3\bin -Dfile.encoding=UTF-8 
java_command: com.app.LbZuulEurekaClientProducerApplication
java_class_path (initial): C:\Users\Mr.Troy\Desktop\microservicesWP\LbZuulEurekaClientProducer\target\classes;C:\Users\Mr.Troy\.m2\repository\org\springframework\boot\spring-boot-starter-web\2.2.1.RELEASE\spring-boot-starter-web-2.2.1.RELEASE.jar;C:\Users\Mr.Troy\.m2\repository\org\springframework\boot\spring-boot-starter\2.2.1.RELEASE\spring-boot-starter-2.2.1.RELEASE.jar;C:\Users\Mr.Troy\.m2\repository\org\springframework\boot\spring-boot-starter-logging\2.2.1.RELEASE\spring-boot-starter-logging-2.2.1.RELEASE.jar;C:\Users\Mr.Troy\.m2\repository\ch\qos\logback\logback-classic\1.2.3\logback-classic-1.2.3.jar;C:\Users\Mr.Troy\.m2\repository\ch\qos\logback\logback-core\1.2.3\logback-core-1.2.3.jar;C:\Users\Mr.Troy\.m2\repository\org\apache\logging\log4j\log4j-to-slf4j\2.12.1\log4j-to-slf4j-2.12.1.jar;C:\Users\Mr.Troy\.m2\repository\org\apache\logging\log4j\log4j-api\2.12.1\log4j-api-2.12.1.jar;C:\Users\Mr.Troy\.m2\repository\org\slf4j\jul-to-slf4j\1.7.29\jul-to-slf4j-1.7.29.jar;C:\Users\Mr.Troy\.m2\repository\org\yaml\snakeyaml\1.25\snakeyaml-1.25.jar;C:\Users\Mr.Troy\.m2\repository\org\springframework\boot\spring-boot-starter-json\2.2.1.RELEASE\spring-boot-starter-json-2.2.1.RELEASE.jar;C:\Users\Mr.Troy\.m2\repository\com\fasterxml\jackson\core\jackson-databind\2.10.0\jackson-databind-2.10.0.jar;C:\Users\Mr.Troy\.m2\repository\com\fasterxml\jackson\datatype\jackson-datatype-jdk8\2.10.0\jackson-datatype-jdk8-2.10.0.jar;C:\Users\Mr.Troy\.m2\repository\com\fasterxml\jackson\datatype\jackson-datatype-jsr310\2.10.0\jackson-datatype-jsr310-2.10.0.jar;C:\Users\Mr.Troy\.m2\repository\com\fasterxml\jackson\module\jackson-module-parameter-names\2.10.0\jackson-module-parameter-names-2.10.0.jar;C:\Users\Mr.Troy\.m2\repository\org\springframework\boot\spring-boot-starter-validation\2.2.1.RELEASE\spring-boot-starter-validation-2.2.1.RELEASE.jar;C:\Users\Mr.Troy\.m2\repository\jakarta\validation\jakarta.validation-api\2.0.1\jakarta.validation-api-2.0.1.jar;C:\Users\Mr.Troy\.m2\re
Launcher Type: SUN_STANDARD

[Global flags]
     bool BytecodeVerificationLocal                = false                                     {product} {command line}
     bool BytecodeVerificationRemote               = false                                     {product} {command line}
     intx CICompilerCount                          = 3                                         {product} {ergonomic}
     uint ConcGCThreads                            = 1                                         {product} {ergonomic}
     uint G1ConcRefinementThreads                  = 4                                         {product} {ergonomic}
   size_t G1HeapRegionSize                         = 1048576                                   {product} {ergonomic}
    uintx GCDrainStackTargetSize                   = 64                                        {product} {ergonomic}
   size_t InitialHeapSize                          = 134217728                                 {product} {ergonomic}
     bool ManagementServer                         = true                                      {product} {command line}
   size_t MarkStackSize                            = 4194304                                   {product} {ergonomic}
   size_t MaxHeapSize                              = 2128609280                                {product} {ergonomic}
   size_t MaxNewSize                               = 1277165568                                {product} {ergonomic}
   size_t MinHeapDeltaBytes                        = 1048576                                   {product} {ergonomic}
    uintx NonNMethodCodeHeapSize                   = 6973028                                {pd product} {ergonomic}
    uintx NonProfiledCodeHeapSize                  = 244685212                              {pd product} {ergonomic}
    uintx ProfiledCodeHeapSize                     = 0                                      {pd product} {ergonomic}
    uintx ReservedCodeCacheSize                    = 251658240                              {pd product} {ergonomic}
     bool SegmentedCodeCache                       = true                                      {product} {ergonomic}
     intx TieredStopAtLevel                        = 1                                         {product} {command line}
     bool UseCompressedClassPointers               = true                                 {lp64_product} {ergonomic}
     bool UseCompressedOops                        = true                                 {lp64_product} {ergonomic}
     bool UseG1GC                                  = true                                      {product} {ergonomic}
     bool UseLargePagesIndividualAllocation        = false                                  {pd product} {ergonomic}

Logging:
Log output configuration:
 #0: stdout all=warning uptime,level,tags
 #1: stderr all=off uptime,level,tags

Environment Variables:
PATH=C:\Program Files (x86)\Common Files\Oracle\Java\javapath;C:\Windows\system32;C:\Windows;C:\Windows\System32\Wbem;C:\Windows\System32\WindowsPowerShell\v1.0\;C:\Program Files\PostgreSQL\10\bin;C:\Program Files\PostgreSQL\10\lib
USERNAME=Mr.Troy
OS=Windows_NT
PROCESSOR_IDENTIFIER=Intel64 Family 6 Model 69 Stepping 1, GenuineIntel



---------------  S Y S T E M  ---------------

OS: Windows 10 , 64 bit Build 10586 (10.0.10586.0)

CPU:total 4 (initial active 4) (2 cores per cpu, 2 threads per core) family 6 model 69 stepping 1, cmov, cx8, fxsr, mmx, sse, sse2, sse3, ssse3, sse4.1, sse4.2, popcnt, avx, avx2, aes, clmul, erms, lzcnt, ht, tsc, tscinvbit, bmi1, bmi2, fma

Memory: 4k page, system-wide physical 8113M (3079M free)
TotalPageFile size 20542M (AvailPageFile size 0M)
current process WorkingSet (physical memory assigned to process): 85M, peak: 248M
current process commit charge ("private bytes"): 300M, peak: 300M

vm_info: OpenJDK 64-Bit Server VM (11.0.4+10-b520.11) for windows-amd64 JRE (11.0.4+10-b520.11), built on Nov 16 2019 04:35:14 by "" with MS VC++ 14.0 (VS2015)

END.
